<?xml version="1.0" encoding="UTF-8"?>
<!-- Generated by org.testng.reporters.JUnitReportReporter -->
<testsuite hostname="LAPTOP-G24NCNOP" failures="0" tests="1" name="TestCases.VerifySignUpTestCase" time="15.201" errors="0" timestamp="2022-08-29T00:51:36 IST" skipped="0">
  <testcase classname="TestCases.VerifySignUpTestCase" name="SignUp" time="15.201"/>
  <system-out/>
</testsuite> <!-- TestCases.VerifySignUpTestCase -->
