<?xml version="1.0" encoding="UTF-8"?>
<!-- Generated by org.testng.reporters.JUnitReportReporter -->
<testsuite hostname="LAPTOP-G24NCNOP" failures="0" tests="1" name="TestCases.VerifyLoginTestCase" time="55.920" errors="0" timestamp="2022-09-05T08:45:25 IST" skipped="0">
  <testcase classname="TestCases.VerifyLoginTestCase" name="Login" time="55.920"/>
  <system-out/>
</testsuite> <!-- TestCases.VerifyLoginTestCase -->
